e:\vs2019\project\powplayer\x64\debug\main.obj
e:\vs2019\project\powplayer\x64\debug\decoder.obj
e:\vs2019\project\powplayer\x64\debug\audiooutput.obj
e:\vs2019\project\powplayer\x64\debug\vc142.pdb
e:\vs2019\project\powplayer\x64\debug\moc_decoder.obj
e:\vs2019\project\powplayer\x64\debug\moc_audiooutput.obj
e:\vs2019\project\powplayer\x64\debug\qrc_qml.obj
e:\vs2019\project\powplayer\x64\debug\powplayer.exe
e:\vs2019\project\powplayer\x64\debug\powplayer.ilk
e:\vs2019\project\powplayer\x64\debug\powplayer.pdb
e:\vs2019\project\powplayer\x64\debug\moc\moc_decoder.cpp
e:\vs2019\project\powplayer\x64\debug\moc\moc_audiooutput.cpp
e:\vs2019\project\powplayer\x64\debug\rcc\qrc_qml.cpp
e:\vs2019\project\powplayer\x64\debug\powplayer.tlog\cl.command.1.tlog
e:\vs2019\project\powplayer\x64\debug\powplayer.tlog\cl.read.1.tlog
e:\vs2019\project\powplayer\x64\debug\powplayer.tlog\cl.write.1.tlog
e:\vs2019\project\powplayer\x64\debug\powplayer.tlog\link.command.1.tlog
e:\vs2019\project\powplayer\x64\debug\powplayer.tlog\link.read.1.tlog
e:\vs2019\project\powplayer\x64\debug\powplayer.tlog\link.write.1.tlog
e:\vs2019\project\powplayer\x64\debug\powplayer.tlog\moc.read.1u.tlog
e:\vs2019\project\powplayer\x64\debug\powplayer.tlog\moc.write.1u.tlog
e:\vs2019\project\powplayer\x64\debug\powplayer.tlog\powplayer.write.1u.tlog
e:\vs2019\project\powplayer\x64\debug\powplayer.tlog\rcc.read.1u.tlog
e:\vs2019\project\powplayer\x64\debug\powplayer.tlog\rcc.write.1u.tlog
